<?xml version="1.0" encoding="utf-8"?><testsuites name="pytest tests"><testsuite name="pytest" errors="0" failures="0" skipped="0" tests="11" time="2.589" timestamp="2026-02-20T16:39:41.421984+00:00" hostname="agent-env-60d57dc4-2277-4e97-8515-0f70e3b05455"><testcase classname="backend.tests.test_imports.TestHealth" name="test_import_health" time="0.427" /><testcase classname="backend.tests.test_imports.TestImports" name="test_post_import" time="0.201" /><testcase classname="backend.tests.test_imports.TestImports" name="test_duplicate_detection" time="0.391" /><testcase classname="backend.tests.test_imports.TestImports" name="test_get_imports" time="0.214" /><testcase classname="backend.tests.test_imports.TestImports" name="test_post_import_new_fields" time="0.397" /><testcase classname="backend.tests.test_imports.TestImports" name="test_get_stats" time="0.320" /><testcase classname="backend.tests.test_imports.TestImports" name="test_delete_import" time="0.148" /><testcase classname="backend.tests.test_imports.TestImports" name="test_delete_nonexistent" time="0.425" /><testcase classname="backend.tests.test_imports.TestExtensionFiles" name="test_manifest_valid_json" time="0.000" /><testcase classname="backend.tests.test_imports.TestExtensionFiles" name="test_extension_files_exist" time="0.000" /><testcase classname="backend.tests.test_imports.TestExtensionFiles" name="test_extension_icons_exist" time="0.000" /></testsuite></testsuites>