<?xml version="1.0" encoding="utf-8"?><testsuites name="pytest tests"><testsuite name="pytest" errors="0" failures="0" skipped="0" tests="10" time="1.593" timestamp="2026-02-20T23:49:16.307650+00:00" hostname="agent-env-dd3c7400-7601-470e-89c2-a1d4be6191d2"><testcase classname="backend.tests.test_download.TestDownloadStats" name="test_download_stats_returns_correct_structure" time="0.157" /><testcase classname="backend.tests.test_download.TestDownloadStats" name="test_download_stats_values" time="0.155" /><testcase classname="backend.tests.test_download.TestDownloadItem" name="test_duplicate_download_returns_already_stored_message" time="0.117" /><testcase classname="backend.tests.test_download.TestDownloadItem" name="test_download_nonexistent_item_returns_404" time="0.108" /><testcase classname="backend.tests.test_download.TestDownloadItem" name="test_download_item_with_fake_url_fails" time="0.364" /><testcase classname="backend.tests.test_download.TestServeDownloadedFiles" name="test_serve_downloaded_main_image" time="0.116" /><testcase classname="backend.tests.test_download.TestServeDownloadedFiles" name="test_serve_downloaded_secondary_image" time="0.144" /><testcase classname="backend.tests.test_download.TestServeDownloadedFiles" name="test_serve_nonexistent_file_returns_404" time="0.114" /><testcase classname="backend.tests.test_download.TestGalleryItemWithDownload" name="test_downloaded_item_has_storage_mode_both" time="0.119" /><testcase classname="backend.tests.test_download.TestGalleryItemWithDownload" name="test_non_downloaded_item_has_storage_mode_url" time="0.133" /></testsuite></testsuites>